<?xml version="1.0" encoding="UTF-8"?>
<testsuite name="com.codinghaezo.stackOverFlow.StackOverFlowApplicationTests" tests="1" skipped="0" failures="0" errors="0" timestamp="2023-08-15T18:11:07" hostname="박찬우" time="0.11">
  <properties/>
  <testcase name="contextLoads()" classname="com.codinghaezo.stackOverFlow.StackOverFlowApplicationTests" time="0.11"/>
  <system-out><![CDATA[03:11:02.997 [Test worker] DEBUG org.springframework.test.context.BootstrapUtils - Instantiating CacheAwareContextLoaderDelegate from class [org.springframework.test.context.cache.DefaultCacheAwareContextLoaderDelegate]
03:11:03.009 [Test worker] DEBUG org.springframework.test.context.BootstrapUtils - Instantiating BootstrapContext using constructor [public org.springframework.test.context.support.DefaultBootstrapContext(java.lang.Class,org.springframework.test.context.CacheAwareContextLoaderDelegate)]
03:11:03.053 [Test worker] DEBUG org.springframework.test.context.BootstrapUtils - Instantiating TestContextBootstrapper for test class [com.codinghaezo.stackOverFlow.StackOverFlowApplicationTests] from class [org.springframework.boot.test.context.SpringBootTestContextBootstrapper]
03:11:03.063 [Test worker] INFO org.springframework.boot.test.context.SpringBootTestContextBootstrapper - Neither @ContextConfiguration nor @ContextHierarchy found for test class [com.codinghaezo.stackOverFlow.StackOverFlowApplicationTests], using SpringBootContextLoader
03:11:03.066 [Test worker] DEBUG org.springframework.test.context.support.AbstractContextLoader - Did not detect default resource location for test class [com.codinghaezo.stackOverFlow.StackOverFlowApplicationTests]: class path resource [com/codinghaezo/stackOverFlow/StackOverFlowApplicationTests-context.xml] does not exist
03:11:03.067 [Test worker] DEBUG org.springframework.test.context.support.AbstractContextLoader - Did not detect default resource location for test class [com.codinghaezo.stackOverFlow.StackOverFlowApplicationTests]: class path resource [com/codinghaezo/stackOverFlow/StackOverFlowApplicationTestsContext.groovy] does not exist
03:11:03.067 [Test worker] INFO org.springframework.test.context.support.AbstractContextLoader - Could not detect default resource locations for test class [com.codinghaezo.stackOverFlow.StackOverFlowApplicationTests]: no resource found for suffixes {-context.xml, Context.groovy}.
03:11:03.068 [Test worker] INFO org.springframework.test.context.support.AnnotationConfigContextLoaderUtils - Could not detect default configuration classes for test class [com.codinghaezo.stackOverFlow.StackOverFlowApplicationTests]: StackOverFlowApplicationTests does not declare any static, non-private, non-final, nested classes annotated with @Configuration.
03:11:03.106 [Test worker] DEBUG org.springframework.test.context.support.ActiveProfilesUtils - Could not find an 'annotation declaring class' for annotation type [org.springframework.test.context.ActiveProfiles] and class [com.codinghaezo.stackOverFlow.StackOverFlowApplicationTests]
03:11:03.169 [Test worker] DEBUG org.springframework.context.annotation.ClassPathScanningCandidateComponentProvider - Identified candidate component class: file [C:\myProject\pre_project\local\seb45_pre_025_local\server\build\classes\java\main\com\codinghaezo\stackOverFlow\StackOverFlowApplication.class]
03:11:03.170 [Test worker] INFO org.springframework.boot.test.context.SpringBootTestContextBootstrapper - Found @SpringBootConfiguration com.codinghaezo.stackOverFlow.StackOverFlowApplication for test class com.codinghaezo.stackOverFlow.StackOverFlowApplicationTests
03:11:03.264 [Test worker] DEBUG org.springframework.boot.test.context.SpringBootTestContextBootstrapper - @TestExecutionListeners is not present for class [com.codinghaezo.stackOverFlow.StackOverFlowApplicationTests]: using defaults.
03:11:03.265 [Test worker] INFO org.springframework.boot.test.context.SpringBootTestContextBootstrapper - Loaded default TestExecutionListener class names from location [META-INF/spring.factories]: [org.springframework.boot.test.autoconfigure.restdocs.RestDocsTestExecutionListener, org.springframework.boot.test.autoconfigure.web.client.MockRestServiceServerResetTestExecutionListener, org.springframework.boot.test.autoconfigure.web.servlet.MockMvcPrintOnlyOnFailureTestExecutionListener, org.springframework.boot.test.autoconfigure.web.servlet.WebDriverTestExecutionListener, org.springframework.boot.test.autoconfigure.webservices.client.MockWebServiceServerTestExecutionListener, org.springframework.boot.test.mock.mockito.MockitoTestExecutionListener, org.springframework.boot.test.mock.mockito.ResetMocksTestExecutionListener, org.springframework.test.context.web.ServletTestExecutionListener, org.springframework.test.context.support.DirtiesContextBeforeModesTestExecutionListener, org.springframework.test.context.event.ApplicationEventsTestExecutionListener, org.springframework.test.context.support.DependencyInjectionTestExecutionListener, org.springframework.test.context.support.DirtiesContextTestExecutionListener, org.springframework.test.context.transaction.TransactionalTestExecutionListener, org.springframework.test.context.jdbc.SqlScriptsTestExecutionListener, org.springframework.test.context.event.EventPublishingTestExecutionListener]
03:11:03.281 [Test worker] INFO org.springframework.boot.test.context.SpringBootTestContextBootstrapper - Using TestExecutionListeners: [org.springframework.test.context.web.ServletTestExecutionListener@5cbf9e9f, org.springframework.test.context.support.DirtiesContextBeforeModesTestExecutionListener@18e8473e, org.springframework.test.context.event.ApplicationEventsTestExecutionListener@5a2f016d, org.springframework.boot.test.mock.mockito.MockitoTestExecutionListener@1a38ba58, org.springframework.boot.test.autoconfigure.SpringBootDependencyInjectionTestExecutionListener@3ad394e6, org.springframework.test.context.support.DirtiesContextTestExecutionListener@6058e535, org.springframework.test.context.transaction.TransactionalTestExecutionListener@42deb43a, org.springframework.test.context.jdbc.SqlScriptsTestExecutionListener@1deb2c43, org.springframework.test.context.event.EventPublishingTestExecutionListener@3bb9efbc, org.springframework.boot.test.autoconfigure.restdocs.RestDocsTestExecutionListener@1cefc4b3, org.springframework.boot.test.autoconfigure.web.client.MockRestServiceServerResetTestExecutionListener@2b27cc70, org.springframework.boot.test.autoconfigure.web.servlet.MockMvcPrintOnlyOnFailureTestExecutionListener@6f6a7463, org.springframework.boot.test.autoconfigure.web.servlet.WebDriverTestExecutionListener@1bdaa23d, org.springframework.boot.test.autoconfigure.webservices.client.MockWebServiceServerTestExecutionListener@79f227a9, org.springframework.boot.test.mock.mockito.ResetMocksTestExecutionListener@6ca320ab]
03:11:03.285 [Test worker] DEBUG org.springframework.test.context.support.AbstractDirtiesContextTestExecutionListener - Before test class: context [DefaultTestContext@70f43b45 testClass = StackOverFlowApplicationTests, testInstance = [null], testMethod = [null], testException = [null], mergedContextConfiguration = [WebMergedContextConfiguration@26d10f2e testClass = StackOverFlowApplicationTests, locations = '{}', classes = '{class com.codinghaezo.stackOverFlow.StackOverFlowApplication}', contextInitializerClasses = '[]', activeProfiles = '{}', propertySourceLocations = '{}', propertySourceProperties = '{org.springframework.boot.test.context.SpringBootTestContextBootstrapper=true}', contextCustomizers = set[org.springframework.boot.test.autoconfigure.actuate.metrics.MetricsExportContextCustomizerFactory$DisableMetricExportContextCustomizer@10993713, org.springframework.boot.test.autoconfigure.properties.PropertyMappingContextCustomizer@0, org.springframework.boot.test.autoconfigure.web.servlet.WebDriverContextCustomizerFactory$Customizer@5974109, org.springframework.boot.test.context.filter.ExcludeFilterContextCustomizer@75c9e76b, org.springframework.boot.test.json.DuplicateJsonObjectContextCustomizerFactory$DuplicateJsonObjectContextCustomizer@37b70343, org.springframework.boot.test.mock.mockito.MockitoContextCustomizer@0, org.springframework.boot.test.web.client.TestRestTemplateContextCustomizer@61884cb1, org.springframework.boot.test.context.SpringBootTestArgs@1, org.springframework.boot.test.context.SpringBootTestWebEnvironment@560348e6], resourceBasePath = 'src/main/webapp', contextLoader = 'org.springframework.boot.test.context.SpringBootContextLoader', parent = [null]], attributes = map['org.springframework.test.context.web.ServletTestExecutionListener.activateListener' -> true]], class annotated with @DirtiesContext [false] with mode [null].

  .   ____          _            __ _ _
 /\\ / ___'_ __ _ _(_)_ __  __ _ \ \ \ \
( ( )\___ | '_ | '_| | '_ \/ _` | \ \ \ \
 \\/  ___)| |_)| | | | | || (_| |  ) ) ) )
  '  |____| .__|_| |_|_| |_\__, | / / / /
 =========|_|==============|___/=/_/_/_/
 :: Spring Boot ::               (v2.7.14)

2023-08-16 03:11:03.673  INFO 12268 --- [    Test worker] c.c.s.StackOverFlowApplicationTests      : Starting StackOverFlowApplicationTests using Java 11.0.18 on 박찬우 with PID 12268 (started by cksdn in C:\myProject\pre_project\local\seb45_pre_025_local\server)
2023-08-16 03:11:03.674  INFO 12268 --- [    Test worker] c.c.s.StackOverFlowApplicationTests      : No active profile set, falling back to 1 default profile: "default"
2023-08-16 03:11:04.420  INFO 12268 --- [    Test worker] .s.d.r.c.RepositoryConfigurationDelegate : Bootstrapping Spring Data JPA repositories in DEFAULT mode.
2023-08-16 03:11:04.494  INFO 12268 --- [    Test worker] .s.d.r.c.RepositoryConfigurationDelegate : Finished Spring Data repository scanning in 60 ms. Found 3 JPA repository interfaces.
2023-08-16 03:11:05.033  INFO 12268 --- [    Test worker] com.zaxxer.hikari.HikariDataSource       : HikariPool-1 - Starting...
2023-08-16 03:11:05.291  INFO 12268 --- [    Test worker] com.zaxxer.hikari.HikariDataSource       : HikariPool-1 - Start completed.
2023-08-16 03:11:05.373  INFO 12268 --- [    Test worker] o.hibernate.jpa.internal.util.LogHelper  : HHH000204: Processing PersistenceUnitInfo [name: default]
2023-08-16 03:11:05.471  INFO 12268 --- [    Test worker] org.hibernate.Version                    : HHH000412: Hibernate ORM core version 5.6.15.Final
2023-08-16 03:11:05.645  INFO 12268 --- [    Test worker] o.hibernate.annotations.common.Version   : HCANN000001: Hibernate Commons Annotations {5.1.2.Final}
2023-08-16 03:11:05.761  INFO 12268 --- [    Test worker] org.hibernate.dialect.Dialect            : HHH000400: Using dialect: org.hibernate.dialect.H2Dialect
2023-08-16 03:11:06.286 DEBUG 12268 --- [    Test worker] org.hibernate.SQL                        : drop table if exists answer CASCADE 
2023-08-16 03:11:06.290 DEBUG 12268 --- [    Test worker] org.hibernate.SQL                        : drop table if exists member CASCADE 
2023-08-16 03:11:06.290 DEBUG 12268 --- [    Test worker] org.hibernate.SQL                        : drop table if exists question CASCADE 
2023-08-16 03:11:06.292 DEBUG 12268 --- [    Test worker] org.hibernate.SQL                        : create table answer (answer_id bigint generated by default as identity, content TEXT, primary key (answer_id))
2023-08-16 03:11:06.302 DEBUG 12268 --- [    Test worker] org.hibernate.SQL                        : create table member (member_id bigint generated by default as identity, created_at timestamp, last_modified_at timestamp, email varchar(255) not null, password varchar(255) not null, primary key (member_id))
2023-08-16 03:11:06.303 DEBUG 12268 --- [    Test worker] org.hibernate.SQL                        : create table question (id bigint generated by default as identity, body_expecting varchar(255) not null, body_problem varchar(255) not null, title varchar(255) not null, primary key (id))
2023-08-16 03:11:06.304 DEBUG 12268 --- [    Test worker] org.hibernate.SQL                        : alter table member add constraint UK_mbmcqelty0fbrvxp1q58dn57t unique (email)
2023-08-16 03:11:06.305 DEBUG 12268 --- [    Test worker] org.hibernate.SQL                        : alter table member add constraint UK_cg0m49ypu6gpkduabm79rb5fm unique (password)
2023-08-16 03:11:06.308  INFO 12268 --- [    Test worker] o.h.e.t.j.p.i.JtaPlatformInitiator       : HHH000490: Using JtaPlatform implementation: [org.hibernate.engine.transaction.jta.platform.internal.NoJtaPlatform]
2023-08-16 03:11:06.315  INFO 12268 --- [    Test worker] j.LocalContainerEntityManagerFactoryBean : Initialized JPA EntityManagerFactory for persistence unit 'default'
2023-08-16 03:11:07.055  INFO 12268 --- [    Test worker] o.s.s.web.DefaultSecurityFilterChain     : Will secure any request with [org.springframework.security.web.session.DisableEncodeUrlFilter@65b7678a, org.springframework.security.web.context.request.async.WebAsyncManagerIntegrationFilter@7699e60a, org.springframework.security.web.context.SecurityContextPersistenceFilter@16f62062, org.springframework.security.web.header.HeaderWriterFilter@41120e48, org.springframework.web.filter.CorsFilter@5bbc033f, org.springframework.security.web.authentication.logout.LogoutFilter@112a50a1, org.springframework.security.oauth2.client.web.OAuth2AuthorizationRequestRedirectFilter@1822a61b, org.springframework.security.oauth2.client.web.OAuth2LoginAuthenticationFilter@6905d030, com.codinghaezo.stackOverFlow.logIn.oauth2_jwt.auth.filter.JwtVerificationFilter@734a2c17, org.springframework.security.web.savedrequest.RequestCacheAwareFilter@34be7efb, org.springframework.security.web.servletapi.SecurityContextHolderAwareRequestFilter@220e1b7b, org.springframework.security.web.authentication.AnonymousAuthenticationFilter@2d1f9ec3, org.springframework.security.web.session.SessionManagementFilter@5d782a4a, org.springframework.security.web.access.ExceptionTranslationFilter@f2b4303, org.springframework.security.web.access.intercept.AuthorizationFilter@279ebd94]
2023-08-16 03:11:07.292  WARN 12268 --- [    Test worker] JpaBaseConfiguration$JpaWebConfiguration : spring.jpa.open-in-view is enabled by default. Therefore, database queries may be performed during view rendering. Explicitly configure spring.jpa.open-in-view to disable this warning
2023-08-16 03:11:07.585  INFO 12268 --- [    Test worker] o.s.b.a.h2.H2ConsoleAutoConfiguration    : H2 console available at '/h2'. Database available at 'jdbc:h2:mem:test'
2023-08-16 03:11:07.955  INFO 12268 --- [    Test worker] c.c.s.StackOverFlowApplicationTests      : Started StackOverFlowApplicationTests in 4.641 seconds (JVM running for 5.932)
]]></system-out>
  <system-err><![CDATA[]]></system-err>
</testsuite>
