<?xml version="1.0" encoding="UTF-8"?>
<testsuite name="com.codinghaezo.stackOverFlow.StackOverFlowApplicationTests" tests="1" skipped="0" failures="0" errors="0" timestamp="2023-08-13T21:29:03" hostname="DESKTOP-AA498IE" time="0.208">
  <properties/>
  <testcase name="contextLoads()" classname="com.codinghaezo.stackOverFlow.StackOverFlowApplicationTests" time="0.208"/>
  <system-out><![CDATA[06:28:55.656 [Test worker] DEBUG org.springframework.test.context.BootstrapUtils - Instantiating CacheAwareContextLoaderDelegate from class [org.springframework.test.context.cache.DefaultCacheAwareContextLoaderDelegate]
06:28:55.671 [Test worker] DEBUG org.springframework.test.context.BootstrapUtils - Instantiating BootstrapContext using constructor [public org.springframework.test.context.support.DefaultBootstrapContext(java.lang.Class,org.springframework.test.context.CacheAwareContextLoaderDelegate)]
06:28:55.711 [Test worker] DEBUG org.springframework.test.context.BootstrapUtils - Instantiating TestContextBootstrapper for test class [com.codinghaezo.stackOverFlow.StackOverFlowApplicationTests] from class [org.springframework.boot.test.context.SpringBootTestContextBootstrapper]
06:28:55.725 [Test worker] INFO org.springframework.boot.test.context.SpringBootTestContextBootstrapper - Neither @ContextConfiguration nor @ContextHierarchy found for test class [com.codinghaezo.stackOverFlow.StackOverFlowApplicationTests], using SpringBootContextLoader
06:28:55.729 [Test worker] DEBUG org.springframework.test.context.support.AbstractContextLoader - Did not detect default resource location for test class [com.codinghaezo.stackOverFlow.StackOverFlowApplicationTests]: class path resource [com/codinghaezo/stackOverFlow/StackOverFlowApplicationTests-context.xml] does not exist
06:28:55.730 [Test worker] DEBUG org.springframework.test.context.support.AbstractContextLoader - Did not detect default resource location for test class [com.codinghaezo.stackOverFlow.StackOverFlowApplicationTests]: class path resource [com/codinghaezo/stackOverFlow/StackOverFlowApplicationTestsContext.groovy] does not exist
06:28:55.730 [Test worker] INFO org.springframework.test.context.support.AbstractContextLoader - Could not detect default resource locations for test class [com.codinghaezo.stackOverFlow.StackOverFlowApplicationTests]: no resource found for suffixes {-context.xml, Context.groovy}.
06:28:55.731 [Test worker] INFO org.springframework.test.context.support.AnnotationConfigContextLoaderUtils - Could not detect default configuration classes for test class [com.codinghaezo.stackOverFlow.StackOverFlowApplicationTests]: StackOverFlowApplicationTests does not declare any static, non-private, non-final, nested classes annotated with @Configuration.
06:28:55.791 [Test worker] DEBUG org.springframework.test.context.support.ActiveProfilesUtils - Could not find an 'annotation declaring class' for annotation type [org.springframework.test.context.ActiveProfiles] and class [com.codinghaezo.stackOverFlow.StackOverFlowApplicationTests]
06:28:55.874 [Test worker] DEBUG org.springframework.context.annotation.ClassPathScanningCandidateComponentProvider - Identified candidate component class: file [D:\Spring_\pre_project\server\build\classes\java\main\com\codinghaezo\stackOverFlow\StackOverFlowApplication.class]
06:28:55.875 [Test worker] INFO org.springframework.boot.test.context.SpringBootTestContextBootstrapper - Found @SpringBootConfiguration com.codinghaezo.stackOverFlow.StackOverFlowApplication for test class com.codinghaezo.stackOverFlow.StackOverFlowApplicationTests
06:28:56.026 [Test worker] DEBUG org.springframework.boot.test.context.SpringBootTestContextBootstrapper - @TestExecutionListeners is not present for class [com.codinghaezo.stackOverFlow.StackOverFlowApplicationTests]: using defaults.
06:28:56.027 [Test worker] INFO org.springframework.boot.test.context.SpringBootTestContextBootstrapper - Loaded default TestExecutionListener class names from location [META-INF/spring.factories]: [org.springframework.boot.test.autoconfigure.restdocs.RestDocsTestExecutionListener, org.springframework.boot.test.autoconfigure.web.client.MockRestServiceServerResetTestExecutionListener, org.springframework.boot.test.autoconfigure.web.servlet.MockMvcPrintOnlyOnFailureTestExecutionListener, org.springframework.boot.test.autoconfigure.web.servlet.WebDriverTestExecutionListener, org.springframework.boot.test.autoconfigure.webservices.client.MockWebServiceServerTestExecutionListener, org.springframework.boot.test.mock.mockito.MockitoTestExecutionListener, org.springframework.boot.test.mock.mockito.ResetMocksTestExecutionListener, org.springframework.test.context.web.ServletTestExecutionListener, org.springframework.test.context.support.DirtiesContextBeforeModesTestExecutionListener, org.springframework.test.context.event.ApplicationEventsTestExecutionListener, org.springframework.test.context.support.DependencyInjectionTestExecutionListener, org.springframework.test.context.support.DirtiesContextTestExecutionListener, org.springframework.test.context.transaction.TransactionalTestExecutionListener, org.springframework.test.context.jdbc.SqlScriptsTestExecutionListener, org.springframework.test.context.event.EventPublishingTestExecutionListener]
06:28:56.048 [Test worker] INFO org.springframework.boot.test.context.SpringBootTestContextBootstrapper - Using TestExecutionListeners: [org.springframework.test.context.web.ServletTestExecutionListener@68ed96ca, org.springframework.test.context.support.DirtiesContextBeforeModesTestExecutionListener@6d1310f6, org.springframework.test.context.event.ApplicationEventsTestExecutionListener@3228d990, org.springframework.boot.test.mock.mockito.MockitoTestExecutionListener@54e7391d, org.springframework.boot.test.autoconfigure.SpringBootDependencyInjectionTestExecutionListener@50b8ae8d, org.springframework.test.context.support.DirtiesContextTestExecutionListener@255990cc, org.springframework.test.context.transaction.TransactionalTestExecutionListener@51c929ae, org.springframework.test.context.jdbc.SqlScriptsTestExecutionListener@3c8bdd5b, org.springframework.test.context.event.EventPublishingTestExecutionListener@29d2d081, org.springframework.boot.test.autoconfigure.restdocs.RestDocsTestExecutionListener@40e4ea87, org.springframework.boot.test.autoconfigure.web.client.MockRestServiceServerResetTestExecutionListener@58783f6c, org.springframework.boot.test.autoconfigure.web.servlet.MockMvcPrintOnlyOnFailureTestExecutionListener@3a7b503d, org.springframework.boot.test.autoconfigure.web.servlet.WebDriverTestExecutionListener@512d92b, org.springframework.boot.test.autoconfigure.webservices.client.MockWebServiceServerTestExecutionListener@62c5bbdc, org.springframework.boot.test.mock.mockito.ResetMocksTestExecutionListener@7bdf6bb7]
06:28:56.053 [Test worker] DEBUG org.springframework.test.context.support.AbstractDirtiesContextTestExecutionListener - Before test class: context [DefaultTestContext@610db97e testClass = StackOverFlowApplicationTests, testInstance = [null], testMethod = [null], testException = [null], mergedContextConfiguration = [WebMergedContextConfiguration@6f0628de testClass = StackOverFlowApplicationTests, locations = '{}', classes = '{class com.codinghaezo.stackOverFlow.StackOverFlowApplication}', contextInitializerClasses = '[]', activeProfiles = '{}', propertySourceLocations = '{}', propertySourceProperties = '{org.springframework.boot.test.context.SpringBootTestContextBootstrapper=true}', contextCustomizers = set[org.springframework.boot.test.autoconfigure.actuate.metrics.MetricsExportContextCustomizerFactory$DisableMetricExportContextCustomizer@53d1b9b3, org.springframework.boot.test.autoconfigure.properties.PropertyMappingContextCustomizer@0, org.springframework.boot.test.autoconfigure.web.servlet.WebDriverContextCustomizerFactory$Customizer@758c83d8, org.springframework.boot.test.context.filter.ExcludeFilterContextCustomizer@58359ebd, org.springframework.boot.test.json.DuplicateJsonObjectContextCustomizerFactory$DuplicateJsonObjectContextCustomizer@4ee37ca3, org.springframework.boot.test.mock.mockito.MockitoContextCustomizer@0, org.springframework.boot.test.web.client.TestRestTemplateContextCustomizer@662f5666, org.springframework.boot.test.context.SpringBootTestArgs@1, org.springframework.boot.test.context.SpringBootTestWebEnvironment@19b89d4], resourceBasePath = 'src/main/webapp', contextLoader = 'org.springframework.boot.test.context.SpringBootContextLoader', parent = [null]], attributes = map['org.springframework.test.context.web.ServletTestExecutionListener.activateListener' -> true]], class annotated with @DirtiesContext [false] with mode [null].

  .   ____          _            __ _ _
 /\\ / ___'_ __ _ _(_)_ __  __ _ \ \ \ \
( ( )\___ | '_ | '_| | '_ \/ _` | \ \ \ \
 \\/  ___)| |_)| | | | | || (_| |  ) ) ) )
  '  |____| .__|_| |_|_| |_\__, | / / / /
 =========|_|==============|___/=/_/_/_/
 :: Spring Boot ::               (v2.7.14)

2023-08-14 06:28:56.572  INFO 18500 --- [    Test worker] c.c.s.StackOverFlowApplicationTests      : Starting StackOverFlowApplicationTests using Java 11.0.18 on DESKTOP-AA498IE with PID 18500 (started by admin in D:\Spring_\pre_project\server)
2023-08-14 06:28:56.574  INFO 18500 --- [    Test worker] c.c.s.StackOverFlowApplicationTests      : No active profile set, falling back to 1 default profile: "default"
2023-08-14 06:28:57.683  INFO 18500 --- [    Test worker] .s.d.r.c.RepositoryConfigurationDelegate : Bootstrapping Spring Data JPA repositories in DEFAULT mode.
2023-08-14 06:28:57.768  INFO 18500 --- [    Test worker] .s.d.r.c.RepositoryConfigurationDelegate : Finished Spring Data repository scanning in 70 ms. Found 2 JPA repository interfaces.
2023-08-14 06:28:58.494  INFO 18500 --- [    Test worker] com.zaxxer.hikari.HikariDataSource       : HikariPool-1 - Starting...
2023-08-14 06:28:58.816  INFO 18500 --- [    Test worker] com.zaxxer.hikari.HikariDataSource       : HikariPool-1 - Start completed.
2023-08-14 06:28:58.958  INFO 18500 --- [    Test worker] o.hibernate.jpa.internal.util.LogHelper  : HHH000204: Processing PersistenceUnitInfo [name: default]
2023-08-14 06:28:59.041  INFO 18500 --- [    Test worker] org.hibernate.Version                    : HHH000412: Hibernate ORM core version 5.6.15.Final
2023-08-14 06:28:59.485  INFO 18500 --- [    Test worker] o.hibernate.annotations.common.Version   : HCANN000001: Hibernate Commons Annotations {5.1.2.Final}
2023-08-14 06:28:59.818  INFO 18500 --- [    Test worker] org.hibernate.dialect.Dialect            : HHH000400: Using dialect: org.hibernate.dialect.H2Dialect
2023-08-14 06:29:00.806  INFO 18500 --- [    Test worker] o.h.e.t.j.p.i.JtaPlatformInitiator       : HHH000490: Using JtaPlatform implementation: [org.hibernate.engine.transaction.jta.platform.internal.NoJtaPlatform]
2023-08-14 06:29:00.844  INFO 18500 --- [    Test worker] j.LocalContainerEntityManagerFactoryBean : Initialized JPA EntityManagerFactory for persistence unit 'default'
2023-08-14 06:29:02.099  WARN 18500 --- [    Test worker] JpaBaseConfiguration$JpaWebConfiguration : spring.jpa.open-in-view is enabled by default. Therefore, database queries may be performed during view rendering. Explicitly configure spring.jpa.open-in-view to disable this warning
2023-08-14 06:29:02.647  INFO 18500 --- [    Test worker] o.s.b.a.h2.H2ConsoleAutoConfiguration    : H2 console available at '/h2'. Database available at 'jdbc:h2:mem:test'
2023-08-14 06:29:03.563  INFO 18500 --- [    Test worker] c.c.s.StackOverFlowApplicationTests      : Started StackOverFlowApplicationTests in 7.467 seconds (JVM running for 9.273)
]]></system-out>
  <system-err><![CDATA[]]></system-err>
</testsuite>
