<?xml version="1.0" encoding="UTF-8"?>
<testsuite name="com.codinghaezo.stackOverFlow.StackOverFlowApplicationTests" tests="1" skipped="0" failures="0" errors="0" timestamp="2023-08-15T19:39:49" hostname="DESKTOP-AA498IE" time="0.391">
  <properties/>
  <testcase name="contextLoads()" classname="com.codinghaezo.stackOverFlow.StackOverFlowApplicationTests" time="0.391"/>
  <system-out><![CDATA[04:39:36.475 [Test worker] DEBUG org.springframework.test.context.BootstrapUtils - Instantiating CacheAwareContextLoaderDelegate from class [org.springframework.test.context.cache.DefaultCacheAwareContextLoaderDelegate]
04:39:36.497 [Test worker] DEBUG org.springframework.test.context.BootstrapUtils - Instantiating BootstrapContext using constructor [public org.springframework.test.context.support.DefaultBootstrapContext(java.lang.Class,org.springframework.test.context.CacheAwareContextLoaderDelegate)]
04:39:36.562 [Test worker] DEBUG org.springframework.test.context.BootstrapUtils - Instantiating TestContextBootstrapper for test class [com.codinghaezo.stackOverFlow.StackOverFlowApplicationTests] from class [org.springframework.boot.test.context.SpringBootTestContextBootstrapper]
04:39:36.583 [Test worker] INFO org.springframework.boot.test.context.SpringBootTestContextBootstrapper - Neither @ContextConfiguration nor @ContextHierarchy found for test class [com.codinghaezo.stackOverFlow.StackOverFlowApplicationTests], using SpringBootContextLoader
04:39:36.589 [Test worker] DEBUG org.springframework.test.context.support.AbstractContextLoader - Did not detect default resource location for test class [com.codinghaezo.stackOverFlow.StackOverFlowApplicationTests]: class path resource [com/codinghaezo/stackOverFlow/StackOverFlowApplicationTests-context.xml] does not exist
04:39:36.590 [Test worker] DEBUG org.springframework.test.context.support.AbstractContextLoader - Did not detect default resource location for test class [com.codinghaezo.stackOverFlow.StackOverFlowApplicationTests]: class path resource [com/codinghaezo/stackOverFlow/StackOverFlowApplicationTestsContext.groovy] does not exist
04:39:36.591 [Test worker] INFO org.springframework.test.context.support.AbstractContextLoader - Could not detect default resource locations for test class [com.codinghaezo.stackOverFlow.StackOverFlowApplicationTests]: no resource found for suffixes {-context.xml, Context.groovy}.
04:39:36.594 [Test worker] INFO org.springframework.test.context.support.AnnotationConfigContextLoaderUtils - Could not detect default configuration classes for test class [com.codinghaezo.stackOverFlow.StackOverFlowApplicationTests]: StackOverFlowApplicationTests does not declare any static, non-private, non-final, nested classes annotated with @Configuration.
04:39:36.679 [Test worker] DEBUG org.springframework.test.context.support.ActiveProfilesUtils - Could not find an 'annotation declaring class' for annotation type [org.springframework.test.context.ActiveProfiles] and class [com.codinghaezo.stackOverFlow.StackOverFlowApplicationTests]
04:39:36.820 [Test worker] DEBUG org.springframework.context.annotation.ClassPathScanningCandidateComponentProvider - Identified candidate component class: file [D:\preproject\pre_project\server\build\classes\java\main\com\codinghaezo\stackOverFlow\StackOverFlowApplication.class]
04:39:36.822 [Test worker] INFO org.springframework.boot.test.context.SpringBootTestContextBootstrapper - Found @SpringBootConfiguration com.codinghaezo.stackOverFlow.StackOverFlowApplication for test class com.codinghaezo.stackOverFlow.StackOverFlowApplicationTests
04:39:37.026 [Test worker] DEBUG org.springframework.boot.test.context.SpringBootTestContextBootstrapper - @TestExecutionListeners is not present for class [com.codinghaezo.stackOverFlow.StackOverFlowApplicationTests]: using defaults.
04:39:37.027 [Test worker] INFO org.springframework.boot.test.context.SpringBootTestContextBootstrapper - Loaded default TestExecutionListener class names from location [META-INF/spring.factories]: [org.springframework.boot.test.autoconfigure.restdocs.RestDocsTestExecutionListener, org.springframework.boot.test.autoconfigure.web.client.MockRestServiceServerResetTestExecutionListener, org.springframework.boot.test.autoconfigure.web.servlet.MockMvcPrintOnlyOnFailureTestExecutionListener, org.springframework.boot.test.autoconfigure.web.servlet.WebDriverTestExecutionListener, org.springframework.boot.test.autoconfigure.webservices.client.MockWebServiceServerTestExecutionListener, org.springframework.boot.test.mock.mockito.MockitoTestExecutionListener, org.springframework.boot.test.mock.mockito.ResetMocksTestExecutionListener, org.springframework.test.context.web.ServletTestExecutionListener, org.springframework.test.context.support.DirtiesContextBeforeModesTestExecutionListener, org.springframework.test.context.event.ApplicationEventsTestExecutionListener, org.springframework.test.context.support.DependencyInjectionTestExecutionListener, org.springframework.test.context.support.DirtiesContextTestExecutionListener, org.springframework.test.context.transaction.TransactionalTestExecutionListener, org.springframework.test.context.jdbc.SqlScriptsTestExecutionListener, org.springframework.test.context.event.EventPublishingTestExecutionListener]
04:39:37.054 [Test worker] INFO org.springframework.boot.test.context.SpringBootTestContextBootstrapper - Using TestExecutionListeners: [org.springframework.test.context.web.ServletTestExecutionListener@51b01960, org.springframework.test.context.support.DirtiesContextBeforeModesTestExecutionListener@6831d8fd, org.springframework.test.context.event.ApplicationEventsTestExecutionListener@27dc79f7, org.springframework.boot.test.mock.mockito.MockitoTestExecutionListener@6b85300e, org.springframework.boot.test.autoconfigure.SpringBootDependencyInjectionTestExecutionListener@3aaf4f07, org.springframework.test.context.support.DirtiesContextTestExecutionListener@5cbf9e9f, org.springframework.test.context.transaction.TransactionalTestExecutionListener@18e8473e, org.springframework.test.context.jdbc.SqlScriptsTestExecutionListener@5a2f016d, org.springframework.test.context.event.EventPublishingTestExecutionListener@1a38ba58, org.springframework.boot.test.autoconfigure.restdocs.RestDocsTestExecutionListener@3ad394e6, org.springframework.boot.test.autoconfigure.web.client.MockRestServiceServerResetTestExecutionListener@6058e535, org.springframework.boot.test.autoconfigure.web.servlet.MockMvcPrintOnlyOnFailureTestExecutionListener@42deb43a, org.springframework.boot.test.autoconfigure.web.servlet.WebDriverTestExecutionListener@1deb2c43, org.springframework.boot.test.autoconfigure.webservices.client.MockWebServiceServerTestExecutionListener@3bb9efbc, org.springframework.boot.test.mock.mockito.ResetMocksTestExecutionListener@1cefc4b3]
04:39:37.060 [Test worker] DEBUG org.springframework.test.context.support.AbstractDirtiesContextTestExecutionListener - Before test class: context [DefaultTestContext@27a0a5a2 testClass = StackOverFlowApplicationTests, testInstance = [null], testMethod = [null], testException = [null], mergedContextConfiguration = [WebMergedContextConfiguration@7692cd34 testClass = StackOverFlowApplicationTests, locations = '{}', classes = '{class com.codinghaezo.stackOverFlow.StackOverFlowApplication}', contextInitializerClasses = '[]', activeProfiles = '{}', propertySourceLocations = '{}', propertySourceProperties = '{org.springframework.boot.test.context.SpringBootTestContextBootstrapper=true}', contextCustomizers = set[org.springframework.boot.test.autoconfigure.actuate.metrics.MetricsExportContextCustomizerFactory$DisableMetricExportContextCustomizer@505a9d7c, org.springframework.boot.test.autoconfigure.properties.PropertyMappingContextCustomizer@0, org.springframework.boot.test.autoconfigure.web.servlet.WebDriverContextCustomizerFactory$Customizer@7b324585, org.springframework.boot.test.context.filter.ExcludeFilterContextCustomizer@5974109, org.springframework.boot.test.json.DuplicateJsonObjectContextCustomizerFactory$DuplicateJsonObjectContextCustomizer@75c9e76b, org.springframework.boot.test.mock.mockito.MockitoContextCustomizer@0, org.springframework.boot.test.web.client.TestRestTemplateContextCustomizer@7a791b66, org.springframework.boot.test.context.SpringBootTestArgs@1, org.springframework.boot.test.context.SpringBootTestWebEnvironment@72ade7e3], resourceBasePath = 'src/main/webapp', contextLoader = 'org.springframework.boot.test.context.SpringBootContextLoader', parent = [null]], attributes = map['org.springframework.test.context.web.ServletTestExecutionListener.activateListener' -> true]], class annotated with @DirtiesContext [false] with mode [null].

  .   ____          _            __ _ _
 /\\ / ___'_ __ _ _(_)_ __  __ _ \ \ \ \
( ( )\___ | '_ | '_| | '_ \/ _` | \ \ \ \
 \\/  ___)| |_)| | | | | || (_| |  ) ) ) )
  '  |____| .__|_| |_|_| |_\__, | / / / /
 =========|_|==============|___/=/_/_/_/
 :: Spring Boot ::               (v2.7.14)

2023-08-16 04:39:37.919  INFO 25700 --- [    Test worker] c.c.s.StackOverFlowApplicationTests      : Starting StackOverFlowApplicationTests using Java 11.0.18 on DESKTOP-AA498IE with PID 25700 (started by admin in D:\preproject\pre_project\server)
2023-08-16 04:39:37.921  INFO 25700 --- [    Test worker] c.c.s.StackOverFlowApplicationTests      : No active profile set, falling back to 1 default profile: "default"
2023-08-16 04:39:39.927  INFO 25700 --- [    Test worker] .s.d.r.c.RepositoryConfigurationDelegate : Bootstrapping Spring Data JPA repositories in DEFAULT mode.
2023-08-16 04:39:40.055  INFO 25700 --- [    Test worker] .s.d.r.c.RepositoryConfigurationDelegate : Finished Spring Data repository scanning in 107 ms. Found 3 JPA repository interfaces.
2023-08-16 04:39:41.446  INFO 25700 --- [    Test worker] com.zaxxer.hikari.HikariDataSource       : HikariPool-1 - Starting...
2023-08-16 04:39:41.939  INFO 25700 --- [    Test worker] com.zaxxer.hikari.HikariDataSource       : HikariPool-1 - Start completed.
2023-08-16 04:39:42.123  INFO 25700 --- [    Test worker] o.hibernate.jpa.internal.util.LogHelper  : HHH000204: Processing PersistenceUnitInfo [name: default]
2023-08-16 04:39:42.306  INFO 25700 --- [    Test worker] org.hibernate.Version                    : HHH000412: Hibernate ORM core version 5.6.15.Final
2023-08-16 04:39:42.830  INFO 25700 --- [    Test worker] o.hibernate.annotations.common.Version   : HCANN000001: Hibernate Commons Annotations {5.1.2.Final}
2023-08-16 04:39:43.184  INFO 25700 --- [    Test worker] org.hibernate.dialect.Dialect            : HHH000400: Using dialect: org.hibernate.dialect.H2Dialect
2023-08-16 04:39:44.709 DEBUG 25700 --- [    Test worker] org.hibernate.SQL                        : drop table if exists answer CASCADE 
2023-08-16 04:39:44.721 DEBUG 25700 --- [    Test worker] org.hibernate.SQL                        : drop table if exists member CASCADE 
2023-08-16 04:39:44.721 DEBUG 25700 --- [    Test worker] org.hibernate.SQL                        : drop table if exists question CASCADE 
2023-08-16 04:39:44.734 DEBUG 25700 --- [    Test worker] org.hibernate.SQL                        : create table answer (answer_id bigint generated by default as identity, created_at timestamp, last_modified_at timestamp, content TEXT, primary key (answer_id))
2023-08-16 04:39:44.749 DEBUG 25700 --- [    Test worker] org.hibernate.SQL                        : create table member (member_id bigint generated by default as identity, created_at timestamp, last_modified_at timestamp, email varchar(255) not null, primary key (member_id))
2023-08-16 04:39:44.752 DEBUG 25700 --- [    Test worker] org.hibernate.SQL                        : create table question (id bigint generated by default as identity, body_expecting varchar(255) not null, body_problem varchar(255) not null, title varchar(255) not null, primary key (id))
2023-08-16 04:39:44.753 DEBUG 25700 --- [    Test worker] org.hibernate.SQL                        : alter table member add constraint UK_mbmcqelty0fbrvxp1q58dn57t unique (email)
2023-08-16 04:39:44.759  INFO 25700 --- [    Test worker] o.h.e.t.j.p.i.JtaPlatformInitiator       : HHH000490: Using JtaPlatform implementation: [org.hibernate.engine.transaction.jta.platform.internal.NoJtaPlatform]
2023-08-16 04:39:44.773  INFO 25700 --- [    Test worker] j.LocalContainerEntityManagerFactoryBean : Initialized JPA EntityManagerFactory for persistence unit 'default'
2023-08-16 04:39:46.943  INFO 25700 --- [    Test worker] o.s.s.web.DefaultSecurityFilterChain     : Will secure any request with [org.springframework.security.web.session.DisableEncodeUrlFilter@1dd6e400, org.springframework.security.web.context.request.async.WebAsyncManagerIntegrationFilter@3fe11091, org.springframework.security.web.context.SecurityContextPersistenceFilter@165a5979, org.springframework.security.web.header.HeaderWriterFilter@6632eb19, org.springframework.web.filter.CorsFilter@7995a589, org.springframework.security.web.authentication.logout.LogoutFilter@70dd79f7, org.springframework.security.oauth2.client.web.OAuth2AuthorizationRequestRedirectFilter@5feb8e9a, org.springframework.security.oauth2.client.web.OAuth2LoginAuthenticationFilter@49ea4b65, com.codinghaezo.stackOverFlow.logIn.oauth2_jwt.auth.filter.JwtVerificationFilter@66b3eab0, org.springframework.security.web.savedrequest.RequestCacheAwareFilter@cc91fe3, org.springframework.security.web.servletapi.SecurityContextHolderAwareRequestFilter@3eb641a8, org.springframework.security.web.authentication.AnonymousAuthenticationFilter@4c6fe482, org.springframework.security.web.session.SessionManagementFilter@519e67e, org.springframework.security.web.access.ExceptionTranslationFilter@24bdd996, org.springframework.security.web.access.intercept.AuthorizationFilter@3872867d]
2023-08-16 04:39:47.487  WARN 25700 --- [    Test worker] JpaBaseConfiguration$JpaWebConfiguration : spring.jpa.open-in-view is enabled by default. Therefore, database queries may be performed during view rendering. Explicitly configure spring.jpa.open-in-view to disable this warning
2023-08-16 04:39:48.151  INFO 25700 --- [    Test worker] o.s.b.a.h2.H2ConsoleAutoConfiguration    : H2 console available at '/h2'. Database available at 'jdbc:h2:mem:test'
2023-08-16 04:39:49.147  INFO 25700 --- [    Test worker] c.c.s.StackOverFlowApplicationTests      : Started StackOverFlowApplicationTests in 12.028 seconds (JVM running for 14.622)
]]></system-out>
  <system-err><![CDATA[]]></system-err>
</testsuite>
